#
# A fatal error has been detected by the Java Runtime Environment:
#
#  SIGSEGV (0xb) at pc=0x00007f335ef6c401, pid=3977, tid=3995
#
# JRE version: OpenJDK Runtime Environment (11.0.7+10) (build 11.0.7+10-post-Ubuntu-2ubuntu218.04)
# Java VM: OpenJDK 64-Bit Server VM (11.0.7+10-post-Ubuntu-2ubuntu218.04, mixed mode, sharing, tiered, compressed oops, g1 gc, linux-amd64)
# Problematic frame:
# C  [libjimage.so+0x2401]
#
# No core dump will be written. Core dumps have been disabled. To enable core dumping, try "ulimit -c unlimited" before starting Java again
#
# If you would like to submit a bug report, please visit:
#   https://bugs.launchpad.net/ubuntu/+source/openjdk-lts
#

---------------  S U M M A R Y ------------

Command Line: -agentlib:jdwp=transport=dt_socket,suspend=y,address=localhost:33101 -javaagent:/home/alessandro/eclipse/java-2020-03/eclipse/configuration/org.eclipse.osgi/217/0/.cp/lib/javaagent-shaded.jar -Dfile.encoding=UTF-8 it.univpm.marcolini.twitterGeoAPI.TwitterGeoApiApplication

Host: Intel(R) Core(TM) i3-3240 CPU @ 3.40GHz, 4 cores, 3G, Zorin OS 15.2
Time: Sat May 23 09:28:26 2020 CEST elapsed time: 121 seconds (0d 0h 2m 1s)

---------------  T H R E A D  ---------------

Current thread (0x00007f336012f000):  JavaThread "Signal Dispatcher" daemon [_thread_in_vm, id=3995, stack(0x00007f3344295000,0x00007f3344396000)]

Stack: [0x00007f3344295000,0x00007f3344396000],  sp=0x00007f33443931e0,  free space=1016k
Native frames: (J=compiled Java code, A=aot compiled Java code, j=interpreted, Vv=VM code, C=native code)
C  [libjimage.so+0x2401]
C  [libjimage.so+0x30ea]
C  [libjimage.so+0x35c6]  JIMAGE_FindResource+0xd6
V  [libjvm.so+0x59105e]